------------------------------------------------------------------------
r20 | xuejianyu | 2011-09-10 17:12:40 -0500 (Sat, 10 Sep 2011) | 2 lines

Added GameSpritesAll.png

------------------------------------------------------------------------
r19 | xuejianyu | 2011-09-10 17:08:37 -0500 (Sat, 10 Sep 2011) | 2 lines

"Did all files get transfered??"

------------------------------------------------------------------------
r18 | xuejianyu | 2011-09-10 16:07:08 -0500 (Sat, 10 Sep 2011) | 2 lines

Transfer to New Machine Time

------------------------------------------------------------------------
r17 | xuejianyu | 2011-08-29 14:29:58 -0500 (Mon, 29 Aug 2011) | 2 lines

Added ground_platforms while removing old temp sprites.

------------------------------------------------------------------------
r16 | xuejianyu | 2011-08-27 17:06:32 -0500 (Sat, 27 Aug 2011) | 2 lines

Fixed weird error in which old files came back to life.

------------------------------------------------------------------------
r15 | xuejianyu | 2011-08-24 17:56:02 -0500 (Wed, 24 Aug 2011) | 2 lines

Saving before Creating a PoolManager

------------------------------------------------------------------------
r14 | xuejianyu | 2011-08-23 18:30:49 -0500 (Tue, 23 Aug 2011) | 2 lines

Jellyfish Demon mostly developed. Time to add the attack.

------------------------------------------------------------------------
r13 | xuejianyu | 2011-08-21 20:07:25 -0500 (Sun, 21 Aug 2011) | 2 lines

Jellyfish Demon motion added

------------------------------------------------------------------------
r12 | xuejianyu | 2011-08-17 20:43:22 -0500 (Wed, 17 Aug 2011) | 3 lines

Fixed bugs from previous demo alpha state.


------------------------------------------------------------------------
r11 | xuejianyu | 2011-08-13 23:08:00 -0500 (Sat, 13 Aug 2011) | 2 lines

Test Init after 1.5 week break

------------------------------------------------------------------------
r10 | xuejianyu | 2011-07-25 00:30:37 -0500 (Mon, 25 Jul 2011) | 2 lines

Game in demo 1 form 

------------------------------------------------------------------------
r9 | xuejianyu | 2011-07-24 12:29:15 -0500 (Sun, 24 Jul 2011) | 2 lines

Many changes

------------------------------------------------------------------------
r8 | xuejianyu | 2011-07-24 11:53:50 -0500 (Sun, 24 Jul 2011) | 2 lines

Many changes. Should have been more organized.

------------------------------------------------------------------------
r7 | xuejianyu | 2011-06-28 21:21:54 -0500 (Tue, 28 Jun 2011) | 2 lines

SpriteList.java FINALLY COMMITTED after a few problems

------------------------------------------------------------------------
r6 | xuejianyu | 2011-06-28 21:07:54 -0500 (Tue, 28 Jun 2011) | 2 lines

Added SpriteList

------------------------------------------------------------------------
r5 | xuejianyu | 2011-06-25 23:21:21 -0500 (Sat, 25 Jun 2011) | 2 lines

Complete Platform Refactoring

------------------------------------------------------------------------
r4 | xuejianyu | 2011-06-25 23:13:18 -0500 (Sat, 25 Jun 2011) | 2 lines

extra minor Platform Refactoring

------------------------------------------------------------------------
r3 | xuejianyu | 2011-06-25 22:49:20 -0500 (Sat, 25 Jun 2011) | 2 lines

Platform Refactored

------------------------------------------------------------------------
r2 | xuejianyu | 2011-06-25 20:31:37 -0500 (Sat, 25 Jun 2011) | 2 lines

Parallax Background feature completed

------------------------------------------------------------------------
r1 | xuejianyu | 2011-06-25 14:55:36 -0500 (Sat, 25 Jun 2011) | 4 lines

Had to create another repository because of some strange error after Revision 3.
The update for Revision 3 is that there is now seperation from model and view 
in terms of the background.

------------------------------------------------------------------------
